2026-03-03T13:49:19.800+04:00  INFO 13096 --- [guestService] [main] c.l.g.GuestServiceApplication            : Starting GuestServiceApplication using Java 17.0.18 with PID 13096 (C:\Users\orkha\OneDrive\Documents\WMSapi\guestService\build\classes\java\main started by orkha in C:\Users\orkha\OneDrive\Documents\WMSapi)
2026-03-03T13:49:19.832+04:00  INFO 13096 --- [guestService] [main] c.l.g.GuestServiceApplication            : No active profile set, falling back to 1 default profile: "default"
2026-03-03T13:49:22.046+04:00  INFO 13096 --- [guestService] [main] .s.d.r.c.RepositoryConfigurationDelegate : Multiple Spring Data modules found, entering strict repository configuration mode
2026-03-03T13:49:22.052+04:00  INFO 13096 --- [guestService] [main] .s.d.r.c.RepositoryConfigurationDelegate : Bootstrapping Spring Data JPA repositories in DEFAULT mode.
2026-03-03T13:49:22.322+04:00  INFO 13096 --- [guestService] [main] .s.d.r.c.RepositoryConfigurationDelegate : Finished Spring Data repository scanning in 259 ms. Found 1 JPA repository interface.
2026-03-03T13:49:22.348+04:00  INFO 13096 --- [guestService] [main] .s.d.r.c.RepositoryConfigurationDelegate : Multiple Spring Data modules found, entering strict repository configuration mode
2026-03-03T13:49:22.351+04:00  INFO 13096 --- [guestService] [main] .s.d.r.c.RepositoryConfigurationDelegate : Bootstrapping Spring Data Redis repositories in DEFAULT mode.
2026-03-03T13:49:22.382+04:00  INFO 13096 --- [guestService] [main] .RepositoryConfigurationExtensionSupport : Spring Data Redis - Could not safely identify store assignment for repository candidate interface com.ltc.guestservice.repository.GuestRepository; If you want this repository to be a Redis repository, consider annotating your entities with one of these annotations: org.springframework.data.redis.core.RedisHash (preferred), or consider extending one of the following types with your repository: org.springframework.data.keyvalue.repository.KeyValueRepository
2026-03-03T13:49:22.382+04:00  INFO 13096 --- [guestService] [main] .s.d.r.c.RepositoryConfigurationDelegate : Finished Spring Data repository scanning in 13 ms. Found 0 Redis repository interfaces.
2026-03-03T13:49:23.326+04:00  INFO 13096 --- [guestService] [main] o.s.b.w.embedded.tomcat.TomcatWebServer  : Tomcat initialized with port 8082 (http)
2026-03-03T13:49:23.342+04:00  INFO 13096 --- [guestService] [main] o.apache.catalina.core.StandardService   : Starting service [Tomcat]
2026-03-03T13:49:23.343+04:00  INFO 13096 --- [guestService] [main] o.apache.catalina.core.StandardEngine    : Starting Servlet engine: [Apache Tomcat/10.1.20]
2026-03-03T13:49:23.442+04:00  INFO 13096 --- [guestService] [main] o.a.c.c.C.[Tomcat].[localhost].[/]       : Initializing Spring embedded WebApplicationContext
2026-03-03T13:49:23.442+04:00  INFO 13096 --- [guestService] [main] w.s.c.ServletWebServerApplicationContext : Root WebApplicationContext: initialization completed in 3333 ms
2026-03-03T13:49:23.997+04:00  INFO 13096 --- [guestService] [main] o.hibernate.jpa.internal.util.LogHelper  : HHH000204: Processing PersistenceUnitInfo [name: default]
2026-03-03T13:49:24.085+04:00  INFO 13096 --- [guestService] [main] org.hibernate.Version                    : HHH000412: Hibernate ORM core version 6.4.4.Final
2026-03-03T13:49:24.140+04:00  INFO 13096 --- [guestService] [main] o.h.c.internal.RegionFactoryInitiator    : HHH000026: Second-level cache disabled
2026-03-03T13:49:24.512+04:00  INFO 13096 --- [guestService] [main] o.s.o.j.p.SpringPersistenceUnitInfo      : No LoadTimeWeaver setup: ignoring JPA class transformer
2026-03-03T13:49:24.553+04:00  INFO 13096 --- [guestService] [main] com.zaxxer.hikari.HikariDataSource       : HikariPool-1 - Starting...
2026-03-03T13:49:24.801+04:00  INFO 13096 --- [guestService] [main] com.zaxxer.hikari.pool.HikariPool        : HikariPool-1 - Added connection org.postgresql.jdbc.PgConnection@15ad5acb
2026-03-03T13:49:24.804+04:00  INFO 13096 --- [guestService] [main] com.zaxxer.hikari.HikariDataSource       : HikariPool-1 - Start completed.
2026-03-03T13:49:24.860+04:00  WARN 13096 --- [guestService] [main] org.hibernate.orm.deprecation            : HHH90000025: PostgreSQLDialect does not need to be specified explicitly using 'hibernate.dialect' (remove the property setting and it will be selected by default)
2026-03-03T13:49:26.384+04:00  INFO 13096 --- [guestService] [main] o.h.e.t.j.p.i.JtaPlatformInitiator       : HHH000489: No JTA platform available (set 'hibernate.transaction.jta.platform' to enable JTA platform integration)
2026-03-03T13:49:26.552+04:00  INFO 13096 --- [guestService] [main] j.LocalContainerEntityManagerFactoryBean : Initialized JPA EntityManagerFactory for persistence unit 'default'
2026-03-03T13:49:27.323+04:00  WARN 13096 --- [guestService] [main] JpaBaseConfiguration$JpaWebConfiguration : spring.jpa.open-in-view is enabled by default. Therefore, database queries may be performed during view rendering. Explicitly configure spring.jpa.open-in-view to disable this warning
2026-03-03T13:49:27.503+04:00 DEBUG 13096 --- [guestService] [main] s.w.s.m.m.a.RequestMappingHandlerMapping : 11 mappings in 'requestMappingHandlerMapping'
2026-03-03T13:49:27.675+04:00 DEBUG 13096 --- [guestService] [main] o.s.w.s.handler.SimpleUrlHandlerMapping  : Patterns [/webjars/**, /**, /swagger-ui*/*swagger-initializer.js, /swagger-ui*/**] in 'resourceHandlerMapping'
2026-03-03T13:49:27.731+04:00 DEBUG 13096 --- [guestService] [main] s.w.s.m.m.a.RequestMappingHandlerAdapter : ControllerAdvice beans: 0 @ModelAttribute, 0 @InitBinder, 1 RequestBodyAdvice, 1 ResponseBodyAdvice
2026-03-03T13:49:27.784+04:00 DEBUG 13096 --- [guestService] [main] .m.m.a.ExceptionHandlerExceptionResolver : ControllerAdvice beans: 2 @ExceptionHandler, 1 ResponseBodyAdvice
2026-03-03T13:49:28.158+04:00 DEBUG 13096 --- [guestService] [main] o.s.d.r.l.RedisMessageListenerContainer  : Starting RedisMessageListenerContainer...
2026-03-03T13:49:28.160+04:00 DEBUG 13096 --- [guestService] [main] o.s.d.r.l.RedisMessageListenerContainer  : Postpone listening for Redis messages until actual listeners are added
2026-03-03T13:49:28.277+04:00  INFO 13096 --- [guestService] [main] o.s.b.w.embedded.tomcat.TomcatWebServer  : Tomcat started on port 8082 (http) with context path ''
2026-03-03T13:49:28.293+04:00  INFO 13096 --- [guestService] [main] c.l.g.GuestServiceApplication            : Started GuestServiceApplication in 9.322 seconds (process running for 10.896)
2026-03-03T13:50:25.788+04:00  INFO 13096 --- [guestService] [http-nio-8082-exec-1] o.a.c.c.C.[Tomcat].[localhost].[/]       : Initializing Spring DispatcherServlet 'dispatcherServlet'
2026-03-03T13:50:25.789+04:00  INFO 13096 --- [guestService] [http-nio-8082-exec-1] o.s.web.servlet.DispatcherServlet        : Initializing Servlet 'dispatcherServlet'
2026-03-03T13:50:25.789+04:00 DEBUG 13096 --- [guestService] [http-nio-8082-exec-1] o.s.web.servlet.DispatcherServlet        : Detected StandardServletMultipartResolver
2026-03-03T13:50:25.789+04:00 DEBUG 13096 --- [guestService] [http-nio-8082-exec-1] o.s.web.servlet.DispatcherServlet        : Detected AcceptHeaderLocaleResolver
2026-03-03T13:50:25.790+04:00 DEBUG 13096 --- [guestService] [http-nio-8082-exec-1] o.s.web.servlet.DispatcherServlet        : Detected FixedThemeResolver
2026-03-03T13:50:25.799+04:00 DEBUG 13096 --- [guestService] [http-nio-8082-exec-1] o.s.web.servlet.DispatcherServlet        : Detected org.springframework.web.servlet.view.DefaultRequestToViewNameTranslator@2e640411
2026-03-03T13:50:25.801+04:00 DEBUG 13096 --- [guestService] [http-nio-8082-exec-1] o.s.web.servlet.DispatcherServlet        : Detected org.springframework.web.servlet.support.SessionFlashMapManager@4b8466c2
2026-03-03T13:50:25.801+04:00 DEBUG 13096 --- [guestService] [http-nio-8082-exec-1] o.s.web.servlet.DispatcherServlet        : enableLoggingRequestDetails='false': request parameters and headers will be masked to prevent unsafe logging of potentially sensitive data
2026-03-03T13:50:25.801+04:00  INFO 13096 --- [guestService] [http-nio-8082-exec-1] o.s.web.servlet.DispatcherServlet        : Completed initialization in 12 ms
2026-03-03T13:50:25.814+04:00 DEBUG 13096 --- [guestService] [http-nio-8082-exec-1] o.s.web.servlet.DispatcherServlet        : GET "/swagger-ui/index.html", parameters={}
2026-03-03T13:50:25.825+04:00 DEBUG 13096 --- [guestService] [http-nio-8082-exec-1] o.s.w.s.handler.SimpleUrlHandlerMapping  : Mapped to ResourceHttpRequestHandler [classpath [META-INF/resources/webjars/]]
2026-03-03T13:50:25.863+04:00 DEBUG 13096 --- [guestService] [http-nio-8082-exec-1] o.s.web.servlet.DispatcherServlet        : Completed 304 NOT_MODIFIED
2026-03-03T13:50:25.880+04:00 DEBUG 13096 --- [guestService] [http-nio-8082-exec-2] o.s.web.servlet.DispatcherServlet        : GET "/swagger-ui/swagger-initializer.js", parameters={}
2026-03-03T13:50:25.881+04:00 DEBUG 13096 --- [guestService] [http-nio-8082-exec-2] o.s.w.s.handler.SimpleUrlHandlerMapping  : Mapped to ResourceHttpRequestHandler [classpath [META-INF/resources/webjars/]]
2026-03-03T13:50:25.917+04:00 DEBUG 13096 --- [guestService] [http-nio-8082-exec-2] o.s.web.servlet.DispatcherServlet        : Completed 200 OK
2026-03-03T13:50:26.043+04:00 DEBUG 13096 --- [guestService] [http-nio-8082-exec-3] o.s.web.servlet.DispatcherServlet        : GET "/v3/api-docs/swagger-config", parameters={}
2026-03-03T13:50:26.046+04:00 DEBUG 13096 --- [guestService] [http-nio-8082-exec-3] s.w.s.m.m.a.RequestMappingHandlerMapping : Mapped to org.springdoc.webmvc.ui.SwaggerConfigResource#openapiJson(HttpServletRequest)
2026-03-03T13:50:26.063+04:00 DEBUG 13096 --- [guestService] [http-nio-8082-exec-3] m.m.a.RequestResponseBodyMethodProcessor : Using 'application/json', given [*/*] and supported [application/json]
2026-03-03T13:50:26.064+04:00 DEBUG 13096 --- [guestService] [http-nio-8082-exec-3] m.m.a.RequestResponseBodyMethodProcessor : Writing [{configUrl=/v3/api-docs/swagger-config, oauth2RedirectUrl=http://localhost:8082/swagger-ui/oauth2-re (truncated)...]
2026-03-03T13:50:26.069+04:00 DEBUG 13096 --- [guestService] [http-nio-8082-exec-3] o.s.web.servlet.DispatcherServlet        : Completed 200 OK
2026-03-03T13:50:26.080+04:00 DEBUG 13096 --- [guestService] [http-nio-8082-exec-4] o.s.web.servlet.DispatcherServlet        : GET "/v3/api-docs", parameters={}
2026-03-03T13:50:26.081+04:00 DEBUG 13096 --- [guestService] [http-nio-8082-exec-4] s.w.s.m.m.a.RequestMappingHandlerMapping : Mapped to org.springdoc.webmvc.api.OpenApiWebMvcResource#openapiJson(HttpServletRequest, String, Locale)
2026-03-03T13:50:26.529+04:00  INFO 13096 --- [guestService] [http-nio-8082-exec-4] o.springdoc.api.AbstractOpenApiResource  : Init duration for springdoc-openapi is: 435 ms
2026-03-03T13:50:26.554+04:00 DEBUG 13096 --- [guestService] [http-nio-8082-exec-4] m.m.a.RequestResponseBodyMethodProcessor : Using 'application/json', given [application/json, */*] and supported [application/json]
2026-03-03T13:50:26.555+04:00 DEBUG 13096 --- [guestService] [http-nio-8082-exec-4] m.m.a.RequestResponseBodyMethodProcessor : Writing [{123, 34, 111, 112, 101, 110, 97, 112, 105, 34, 58, 34, 51, 46, 48, 46, 49, 34, 44, 34, 105, 110, 10 (truncated)...]
2026-03-03T13:50:26.556+04:00 DEBUG 13096 --- [guestService] [http-nio-8082-exec-4] o.s.web.servlet.DispatcherServlet        : Completed 200 OK
2026-03-03T13:50:32.162+04:00 DEBUG 13096 --- [guestService] [http-nio-8082-exec-5] o.s.web.servlet.DispatcherServlet        : GET "/api/guest/allGuests", parameters={}
2026-03-03T13:50:32.162+04:00 DEBUG 13096 --- [guestService] [http-nio-8082-exec-5] s.w.s.m.m.a.RequestMappingHandlerMapping : Mapped to com.ltc.guestservice.controller.GuestController#getAllGuests()
2026-03-03T13:50:32.913+04:00  INFO 13096 --- [guestService] [http-nio-8082-exec-5] c.l.g.controller.GuestController         : All Guests: [GuestResponseDTO(id=4, firstName=Nuh, lastName=Nasibov, phoneNumber=994502903402, email=string@gmail.com, category=COLLEAGUE, invited=true, confirmed=true, createdAt=2026-02-26T21:21:22.462), GuestResponseDTO(id=5, firstName=Samir, lastName=Azimov, phoneNumber=994502903405, email=string@gmail.com, category=COLLEAGUE, invited=true, confirmed=true, createdAt=2026-02-26T21:21:22.462), GuestResponseDTO(id=8, firstName=string, lastName=string, phoneNumber=stringstring, email=string@OUTLOOK.COM, category=RELATIVE, invited=true, confirmed=true, createdAt=2026-02-26T22:06:44.948), GuestResponseDTO(id=7, firstName=string, lastName=string, phoneNumber=stringstrina, email=string@outlook.com, category=RELATIVE, invited=true, confirmed=true, createdAt=2026-02-26T22:12:29.917), GuestResponseDTO(id=9, firstName=string, lastName=string, phoneNumber=stringstaing, email=string@OUTLOOK.COM, category=RELATIVE, invited=true, confirmed=true, createdAt=2026-02-26T22:06:44.948), GuestResponseDTO(id=10, firstName=string, lastName=string, phoneNumber=stsingstaing, email=string@OUTLOOK.COM, category=RELATIVE, invited=true, confirmed=true, createdAt=2026-02-26T22:06:44.948), GuestResponseDTO(id=11, firstName=string, lastName=string, phoneNumber=qtsingstaing, email=string@OUTLOOK.COM, category=RELATIVE, invited=true, confirmed=true, createdAt=2026-02-26T22:06:44.948), GuestResponseDTO(id=12, firstName=string, lastName=string, phoneNumber=qtsingctaing, email=string@OUTLOOK.COM, category=RELATIVE, invited=true, confirmed=true, createdAt=2026-02-26T22:06:44.948), GuestResponseDTO(id=13, firstName=string, lastName=string, phoneNumber=qt1ingctaing, email=string@OUTLOOK.COM, category=RELATIVE, invited=true, confirmed=true, createdAt=2026-02-26T22:06:44.948), GuestResponseDTO(id=14, firstName=string, lastName=string, phoneNumber=qt1ingctaieg, email=string@OUTLOOK.COM, category=RELATIVE, invited=true, confirmed=true, createdAt=2026-02-26T22:06:44.948), GuestResponseDTO(id=15, firstName=string, lastName=string, phoneNumber=strangstrana, email=string@outlook.com, category=RELATIVE, invited=true, confirmed=true, createdAt=2026-02-26T22:12:29.917)]
2026-03-03T13:50:32.921+04:00 DEBUG 13096 --- [guestService] [http-nio-8082-exec-5] o.s.w.s.m.m.a.HttpEntityMethodProcessor  : Using 'application/json', given [*/*] and supported [application/json, application/*+json]
2026-03-03T13:50:32.922+04:00 DEBUG 13096 --- [guestService] [http-nio-8082-exec-5] o.s.w.s.m.m.a.HttpEntityMethodProcessor  : Writing [[GuestResponseDTO(id=4, firstName=Nuh, lastName=Nasibov, phoneNumber=994502903402, email=string@gmai (truncated)...]
2026-03-03T13:50:32.927+04:00 DEBUG 13096 --- [guestService] [http-nio-8082-exec-5] o.s.web.servlet.DispatcherServlet        : Completed 200 OK
