2026-03-03T13:49:20.144+04:00  INFO 12560 --- [tableService] [main] c.l.t.TableServiceApplication            : Starting TableServiceApplication using Java 17.0.18 with PID 12560 (C:\Users\orkha\OneDrive\Documents\WMSapi\tableService\build\classes\java\main started by orkha in C:\Users\orkha\OneDrive\Documents\WMSapi)
2026-03-03T13:49:20.159+04:00  INFO 12560 --- [tableService] [main] c.l.t.TableServiceApplication            : No active profile set, falling back to 1 default profile: "default"
2026-03-03T13:49:22.757+04:00  INFO 12560 --- [tableService] [main] .s.d.r.c.RepositoryConfigurationDelegate : Multiple Spring Data modules found, entering strict repository configuration mode
2026-03-03T13:49:22.760+04:00  INFO 12560 --- [tableService] [main] .s.d.r.c.RepositoryConfigurationDelegate : Bootstrapping Spring Data JPA repositories in DEFAULT mode.
2026-03-03T13:49:23.049+04:00  INFO 12560 --- [tableService] [main] .s.d.r.c.RepositoryConfigurationDelegate : Finished Spring Data repository scanning in 274 ms. Found 3 JPA repository interfaces.
2026-03-03T13:49:23.070+04:00  INFO 12560 --- [tableService] [main] .s.d.r.c.RepositoryConfigurationDelegate : Multiple Spring Data modules found, entering strict repository configuration mode
2026-03-03T13:49:23.071+04:00  INFO 12560 --- [tableService] [main] .s.d.r.c.RepositoryConfigurationDelegate : Bootstrapping Spring Data Redis repositories in DEFAULT mode.
2026-03-03T13:49:23.093+04:00  INFO 12560 --- [tableService] [main] .RepositoryConfigurationExtensionSupport : Spring Data Redis - Could not safely identify store assignment for repository candidate interface com.ltc.tableservice.repository.TableGuestRepository; If you want this repository to be a Redis repository, consider annotating your entities with one of these annotations: org.springframework.data.redis.core.RedisHash (preferred), or consider extending one of the following types with your repository: org.springframework.data.keyvalue.repository.KeyValueRepository
2026-03-03T13:49:23.094+04:00  INFO 12560 --- [tableService] [main] .RepositoryConfigurationExtensionSupport : Spring Data Redis - Could not safely identify store assignment for repository candidate interface com.ltc.tableservice.repository.TableRepository; If you want this repository to be a Redis repository, consider annotating your entities with one of these annotations: org.springframework.data.redis.core.RedisHash (preferred), or consider extending one of the following types with your repository: org.springframework.data.keyvalue.repository.KeyValueRepository
2026-03-03T13:49:23.095+04:00  INFO 12560 --- [tableService] [main] .RepositoryConfigurationExtensionSupport : Spring Data Redis - Could not safely identify store assignment for repository candidate interface com.ltc.tableservice.repository.WeddingTableRepository; If you want this repository to be a Redis repository, consider annotating your entities with one of these annotations: org.springframework.data.redis.core.RedisHash (preferred), or consider extending one of the following types with your repository: org.springframework.data.keyvalue.repository.KeyValueRepository
2026-03-03T13:49:23.095+04:00  INFO 12560 --- [tableService] [main] .s.d.r.c.RepositoryConfigurationDelegate : Finished Spring Data repository scanning in 11 ms. Found 0 Redis repository interfaces.
2026-03-03T13:49:23.438+04:00  INFO 12560 --- [tableService] [main] o.s.cloud.context.scope.GenericScope     : BeanFactory id=3b625521-959c-314f-b1ee-fcc95c8be6a0
2026-03-03T13:49:24.401+04:00  INFO 12560 --- [tableService] [main] o.s.b.w.embedded.tomcat.TomcatWebServer  : Tomcat initialized with port 8083 (http)
2026-03-03T13:49:24.414+04:00  INFO 12560 --- [tableService] [main] o.apache.catalina.core.StandardService   : Starting service [Tomcat]
2026-03-03T13:49:24.414+04:00  INFO 12560 --- [tableService] [main] o.apache.catalina.core.StandardEngine    : Starting Servlet engine: [Apache Tomcat/10.1.20]
2026-03-03T13:49:24.524+04:00  INFO 12560 --- [tableService] [main] o.a.c.c.C.[Tomcat].[localhost].[/]       : Initializing Spring embedded WebApplicationContext
2026-03-03T13:49:24.524+04:00  INFO 12560 --- [tableService] [main] w.s.c.ServletWebServerApplicationContext : Root WebApplicationContext: initialization completed in 4235 ms
2026-03-03T13:49:24.808+04:00 DEBUG 12560 --- [tableService] [main] o.s.w.f.ServerHttpObservationFilter      : Filter 'webMvcObservationFilter' configured for use
2026-03-03T13:49:25.423+04:00  INFO 12560 --- [tableService] [main] o.hibernate.jpa.internal.util.LogHelper  : HHH000204: Processing PersistenceUnitInfo [name: default]
2026-03-03T13:49:25.521+04:00  INFO 12560 --- [tableService] [main] org.hibernate.Version                    : HHH000412: Hibernate ORM core version 6.4.4.Final
2026-03-03T13:49:25.598+04:00  INFO 12560 --- [tableService] [main] o.h.c.internal.RegionFactoryInitiator    : HHH000026: Second-level cache disabled
2026-03-03T13:49:26.070+04:00  INFO 12560 --- [tableService] [main] o.s.o.j.p.SpringPersistenceUnitInfo      : No LoadTimeWeaver setup: ignoring JPA class transformer
2026-03-03T13:49:26.111+04:00  INFO 12560 --- [tableService] [main] com.zaxxer.hikari.HikariDataSource       : HikariPool-1 - Starting...
2026-03-03T13:49:26.530+04:00  INFO 12560 --- [tableService] [main] com.zaxxer.hikari.pool.HikariPool        : HikariPool-1 - Added connection org.postgresql.jdbc.PgConnection@4542af89
2026-03-03T13:49:26.532+04:00  INFO 12560 --- [tableService] [main] com.zaxxer.hikari.HikariDataSource       : HikariPool-1 - Start completed.
2026-03-03T13:49:26.587+04:00  WARN 12560 --- [tableService] [main] org.hibernate.orm.deprecation            : HHH90000025: PostgreSQLDialect does not need to be specified explicitly using 'hibernate.dialect' (remove the property setting and it will be selected by default)
2026-03-03T13:49:28.175+04:00  INFO 12560 --- [tableService] [main] o.h.e.t.j.p.i.JtaPlatformInitiator       : HHH000489: No JTA platform available (set 'hibernate.transaction.jta.platform' to enable JTA platform integration)
2026-03-03T13:49:28.347+04:00  INFO 12560 --- [tableService] [main] j.LocalContainerEntityManagerFactoryBean : Initialized JPA EntityManagerFactory for persistence unit 'default'
2026-03-03T13:49:29.122+04:00  WARN 12560 --- [tableService] [main] JpaBaseConfiguration$JpaWebConfiguration : spring.jpa.open-in-view is enabled by default. Therefore, database queries may be performed during view rendering. Explicitly configure spring.jpa.open-in-view to disable this warning
2026-03-03T13:49:29.323+04:00  INFO 12560 --- [tableService] [main] o.s.d.j.r.query.QueryEnhancerFactory     : Hibernate is in classpath; If applicable, HQL parser will be used.
2026-03-03T13:49:30.092+04:00 DEBUG 12560 --- [tableService] [main] s.w.s.m.m.a.RequestMappingHandlerMapping : 15 mappings in 'requestMappingHandlerMapping'
2026-03-03T13:49:30.245+04:00 DEBUG 12560 --- [tableService] [main] o.s.w.s.handler.SimpleUrlHandlerMapping  : Patterns [/webjars/**, /**, /swagger-ui*/*swagger-initializer.js, /swagger-ui*/**] in 'resourceHandlerMapping'
2026-03-03T13:49:30.301+04:00 DEBUG 12560 --- [tableService] [main] s.w.s.m.m.a.RequestMappingHandlerAdapter : ControllerAdvice beans: 0 @ModelAttribute, 0 @InitBinder, 1 RequestBodyAdvice, 1 ResponseBodyAdvice
2026-03-03T13:49:30.363+04:00 DEBUG 12560 --- [tableService] [main] .m.m.a.ExceptionHandlerExceptionResolver : ControllerAdvice beans: 2 @ExceptionHandler, 1 ResponseBodyAdvice
2026-03-03T13:49:31.356+04:00 DEBUG 12560 --- [tableService] [main] o.s.d.r.l.RedisMessageListenerContainer  : Starting RedisMessageListenerContainer...
2026-03-03T13:49:31.358+04:00 DEBUG 12560 --- [tableService] [main] o.s.d.r.l.RedisMessageListenerContainer  : Postpone listening for Redis messages until actual listeners are added
2026-03-03T13:49:31.593+04:00  INFO 12560 --- [tableService] [main] o.s.b.a.e.web.EndpointLinksResolver      : Exposing 1 endpoint(s) beneath base path '/actuator'
2026-03-03T13:49:31.738+04:00  INFO 12560 --- [tableService] [main] o.s.b.w.embedded.tomcat.TomcatWebServer  : Tomcat started on port 8083 (http) with context path ''
2026-03-03T13:49:31.890+04:00  INFO 12560 --- [tableService] [main] c.l.t.TableServiceApplication            : Started TableServiceApplication in 13.101 seconds (process running for 19.568)
2026-03-03T13:50:43.578+04:00  INFO 12560 --- [tableService] [http-nio-8083-exec-1] o.a.c.c.C.[Tomcat].[localhost].[/]       : Initializing Spring DispatcherServlet 'dispatcherServlet'
2026-03-03T13:50:43.578+04:00  INFO 12560 --- [tableService] [http-nio-8083-exec-1] o.s.web.servlet.DispatcherServlet        : Initializing Servlet 'dispatcherServlet'
2026-03-03T13:50:43.578+04:00 DEBUG 12560 --- [tableService] [http-nio-8083-exec-1] o.s.web.servlet.DispatcherServlet        : Detected StandardServletMultipartResolver
2026-03-03T13:50:43.579+04:00 DEBUG 12560 --- [tableService] [http-nio-8083-exec-1] o.s.web.servlet.DispatcherServlet        : Detected AcceptHeaderLocaleResolver
2026-03-03T13:50:43.579+04:00 DEBUG 12560 --- [tableService] [http-nio-8083-exec-1] o.s.web.servlet.DispatcherServlet        : Detected FixedThemeResolver
2026-03-03T13:50:43.581+04:00 DEBUG 12560 --- [tableService] [http-nio-8083-exec-1] o.s.web.servlet.DispatcherServlet        : Detected org.springframework.web.servlet.view.DefaultRequestToViewNameTranslator@30350c73
2026-03-03T13:50:43.581+04:00 DEBUG 12560 --- [tableService] [http-nio-8083-exec-1] o.s.web.servlet.DispatcherServlet        : Detected org.springframework.web.servlet.support.SessionFlashMapManager@6870f52a
2026-03-03T13:50:43.581+04:00 DEBUG 12560 --- [tableService] [http-nio-8083-exec-1] o.s.web.servlet.DispatcherServlet        : enableLoggingRequestDetails='false': request parameters and headers will be masked to prevent unsafe logging of potentially sensitive data
2026-03-03T13:50:43.582+04:00  INFO 12560 --- [tableService] [http-nio-8083-exec-1] o.s.web.servlet.DispatcherServlet        : Completed initialization in 3 ms
2026-03-03T13:50:43.606+04:00 DEBUG 12560 --- [tableService] [http-nio-8083-exec-1] o.s.web.servlet.DispatcherServlet        : GET "/swagger-ui/index.html", parameters={}
2026-03-03T13:50:43.620+04:00 DEBUG 12560 --- [tableService] [http-nio-8083-exec-1] o.s.w.s.handler.SimpleUrlHandlerMapping  : Mapped to ResourceHttpRequestHandler [classpath [META-INF/resources/webjars/]]
2026-03-03T13:50:43.647+04:00 DEBUG 12560 --- [tableService] [http-nio-8083-exec-1] o.s.web.servlet.DispatcherServlet        : Completed 304 NOT_MODIFIED
2026-03-03T13:50:43.664+04:00 DEBUG 12560 --- [tableService] [http-nio-8083-exec-2] o.s.web.servlet.DispatcherServlet        : GET "/swagger-ui/swagger-initializer.js", parameters={}
2026-03-03T13:50:43.666+04:00 DEBUG 12560 --- [tableService] [http-nio-8083-exec-2] o.s.w.s.handler.SimpleUrlHandlerMapping  : Mapped to ResourceHttpRequestHandler [classpath [META-INF/resources/webjars/]]
2026-03-03T13:50:43.701+04:00 DEBUG 12560 --- [tableService] [http-nio-8083-exec-2] o.s.web.servlet.DispatcherServlet        : Completed 200 OK
2026-03-03T13:50:43.827+04:00 DEBUG 12560 --- [tableService] [http-nio-8083-exec-3] o.s.web.servlet.DispatcherServlet        : GET "/v3/api-docs/swagger-config", parameters={}
2026-03-03T13:50:43.830+04:00 DEBUG 12560 --- [tableService] [http-nio-8083-exec-3] s.w.s.m.m.a.RequestMappingHandlerMapping : Mapped to org.springdoc.webmvc.ui.SwaggerConfigResource#openapiJson(HttpServletRequest)
2026-03-03T13:50:43.830+04:00 DEBUG 12560 --- [tableService] [http-nio-8083-exec-4] o.s.web.servlet.DispatcherServlet        : GET "/swagger-ui/favicon-32x32.png", parameters={}
2026-03-03T13:50:43.832+04:00 DEBUG 12560 --- [tableService] [http-nio-8083-exec-4] o.s.w.s.handler.SimpleUrlHandlerMapping  : Mapped to ResourceHttpRequestHandler [classpath [META-INF/resources/webjars/]]
2026-03-03T13:50:43.834+04:00 DEBUG 12560 --- [tableService] [http-nio-8083-exec-4] o.s.web.servlet.DispatcherServlet        : Completed 200 OK
2026-03-03T13:50:43.846+04:00 DEBUG 12560 --- [tableService] [http-nio-8083-exec-3] m.m.a.RequestResponseBodyMethodProcessor : Using 'application/json', given [*/*] and supported [application/json]
2026-03-03T13:50:43.847+04:00 DEBUG 12560 --- [tableService] [http-nio-8083-exec-3] m.m.a.RequestResponseBodyMethodProcessor : Writing [{configUrl=/v3/api-docs/swagger-config, oauth2RedirectUrl=http://localhost:8083/swagger-ui/oauth2-re (truncated)...]
2026-03-03T13:50:43.851+04:00 DEBUG 12560 --- [tableService] [http-nio-8083-exec-3] o.s.web.servlet.DispatcherServlet        : Completed 200 OK
2026-03-03T13:50:43.864+04:00 DEBUG 12560 --- [tableService] [http-nio-8083-exec-5] o.s.web.servlet.DispatcherServlet        : GET "/v3/api-docs", parameters={}
2026-03-03T13:50:43.865+04:00 DEBUG 12560 --- [tableService] [http-nio-8083-exec-5] s.w.s.m.m.a.RequestMappingHandlerMapping : Mapped to org.springdoc.webmvc.api.OpenApiWebMvcResource#openapiJson(HttpServletRequest, String, Locale)
2026-03-03T13:50:44.357+04:00  INFO 12560 --- [tableService] [http-nio-8083-exec-5] o.springdoc.api.AbstractOpenApiResource  : Init duration for springdoc-openapi is: 475 ms
2026-03-03T13:50:44.388+04:00 DEBUG 12560 --- [tableService] [http-nio-8083-exec-5] m.m.a.RequestResponseBodyMethodProcessor : Using 'application/json', given [application/json, */*] and supported [application/json]
2026-03-03T13:50:44.388+04:00 DEBUG 12560 --- [tableService] [http-nio-8083-exec-5] m.m.a.RequestResponseBodyMethodProcessor : Writing [{123, 34, 111, 112, 101, 110, 97, 112, 105, 34, 58, 34, 51, 46, 48, 46, 49, 34, 44, 34, 105, 110, 10 (truncated)...]
2026-03-03T13:50:44.390+04:00 DEBUG 12560 --- [tableService] [http-nio-8083-exec-5] o.s.web.servlet.DispatcherServlet        : Completed 200 OK
2026-03-03T13:50:55.011+04:00 DEBUG 12560 --- [tableService] [http-nio-8083-exec-6] o.s.web.servlet.DispatcherServlet        : GET "/api/table/allTables", parameters={}
2026-03-03T13:50:55.012+04:00 DEBUG 12560 --- [tableService] [http-nio-8083-exec-6] s.w.s.m.m.a.RequestMappingHandlerMapping : Mapped to com.ltc.tableservice.controller.TableController#getAllTables()
2026-03-03T13:50:55.721+04:00  INFO 12560 --- [tableService] [http-nio-8083-exec-6] c.l.t.service.TableImplementation        : Wedding Tables Found Successfully
2026-03-03T13:50:55.743+04:00 DEBUG 12560 --- [tableService] [http-nio-8083-exec-6] o.s.w.s.m.m.a.HttpEntityMethodProcessor  : Using 'application/json', given [*/*] and supported [application/json, application/*+json]
2026-03-03T13:50:55.744+04:00 DEBUG 12560 --- [tableService] [http-nio-8083-exec-6] o.s.w.s.m.m.a.HttpEntityMethodProcessor  : Writing [[TableResponseDTO(id=2, tableNumber=Table No 1, capacity=5, occupiedSeats=5, eventId=3), TableRespon (truncated)...]
2026-03-03T13:50:55.746+04:00 DEBUG 12560 --- [tableService] [http-nio-8083-exec-6] o.s.web.servlet.DispatcherServlet        : Completed 200 OK
